<?xml version="1.0" encoding="UTF-8"?>
<testng-results skipped="0" failed="0" ignored="0" total="1" passed="1">
  <reporter-output>
  </reporter-output>
  <suite name="AutomationSuite" duration-ms="15637" started-at="2018-05-02T11:33:19Z" finished-at="2018-05-02T11:33:35Z">
    <groups>
      <group name="cucumber">
        <method signature="AbstractTestNGCucumberTests.feature(cucumber.api.testng.CucumberFeatureWrapper)[pri:0, instance:com.cucumber.Test.TestRunnerA@71238fc2]" name="feature" class="cucumber.api.testng.AbstractTestNGCucumberTests"/>
      </group> <!-- cucumber -->
    </groups>
    <test name="Test1" duration-ms="15637" started-at="2018-05-02T11:33:19Z" finished-at="2018-05-02T11:33:35Z">
      <class name="com.cucumber.Test.TestRunnerA">
        <test-method status="PASS" signature="setUpClass()[pri:0, instance:com.cucumber.Test.TestRunnerA@71238fc2]" name="setUpClass" is-config="true" duration-ms="208" started-at="2018-05-02T11:33:19Z" finished-at="2018-05-02T11:33:19Z">
          <reporter-output>
          </reporter-output>
        </test-method> <!-- setUpClass -->
        <test-method status="PASS" signature="InitializeTest(java.lang.String)[pri:0, instance:com.cucumber.Test.TestRunnerA@71238fc2]" name="InitializeTest" is-config="true" duration-ms="2047" started-at="2018-05-02T11:33:19Z" finished-at="2018-05-02T11:33:21Z">
          <params>
            <param index="0">
              <value>
                <![CDATA[Chrome]]>
              </value>
            </param>
          </params>
          <reporter-output>
          </reporter-output>
        </test-method> <!-- InitializeTest -->
        <test-method status="PASS" signature="feature(cucumber.api.testng.CucumberFeatureWrapper)[pri:0, instance:com.cucumber.Test.TestRunnerA@71238fc2]" name="feature" duration-ms="13118" started-at="2018-05-02T11:33:22Z" description="Runs Cucumber Feature" data-provider="features" finished-at="2018-05-02T11:33:35Z">
          <params>
            <param index="0">
              <value>
                <![CDATA[Alchemy main page validations]]>
              </value>
            </param>
          </params>
          <reporter-output>
          </reporter-output>
        </test-method> <!-- feature -->
        <test-method status="PASS" signature="afterMethod()[pri:0, instance:com.cucumber.Test.TestRunnerA@71238fc2]" name="afterMethod" is-config="true" duration-ms="104" started-at="2018-05-02T11:33:35Z" finished-at="2018-05-02T11:33:35Z">
          <reporter-output>
          </reporter-output>
        </test-method> <!-- afterMethod -->
        <test-method status="PASS" signature="tearDownClass()[pri:0, instance:com.cucumber.Test.TestRunnerA@71238fc2]" name="tearDownClass" is-config="true" duration-ms="58" started-at="2018-05-02T11:33:35Z" finished-at="2018-05-02T11:33:35Z">
          <reporter-output>
          </reporter-output>
        </test-method> <!-- tearDownClass -->
      </class> <!-- com.cucumber.Test.TestRunnerA -->
    </test> <!-- Test1 -->
  </suite> <!-- AutomationSuite -->
</testng-results>
