<?xml version="1.0" encoding="UTF-8"?>
<testng-results skipped="0" failed="2" ignored="0" total="2" passed="0">
  <reporter-output>
  </reporter-output>
  <suite name="AutomationSuite" duration-ms="12766" started-at="2018-04-30T06:14:03Z" finished-at="2018-04-30T06:14:16Z">
    <groups>
      <group name="cucumber">
        <method signature="AbstractTestNGCucumberTests.feature(cucumber.api.testng.CucumberFeatureWrapper)[pri:0, instance:com.cucumber.Test.TestRunnerB@50ad3bc1]" name="feature" class="cucumber.api.testng.AbstractTestNGCucumberTests"/>
        <method signature="AbstractTestNGCucumberTests.feature(cucumber.api.testng.CucumberFeatureWrapper)[pri:0, instance:com.cucumber.Test.TestRunnerA@6f46426d]" name="feature" class="cucumber.api.testng.AbstractTestNGCucumberTests"/>
      </group> <!-- cucumber -->
    </groups>
    <test name="Test6" duration-ms="9686" started-at="2018-04-30T06:14:03Z" finished-at="2018-04-30T06:14:13Z">
      <class name="com.cucumber.Test.TestRunnerA">
        <test-method status="PASS" signature="setUpClass()[pri:0, instance:com.cucumber.Test.TestRunnerA@6f46426d]" name="setUpClass" is-config="true" duration-ms="216" started-at="2018-04-30T06:14:04Z" finished-at="2018-04-30T06:14:04Z">
          <reporter-output>
          </reporter-output>
        </test-method> <!-- setUpClass -->
        <test-method status="PASS" signature="InitializeTest(java.lang.String)[pri:0, instance:com.cucumber.Test.TestRunnerA@6f46426d]" name="InitializeTest" is-config="true" duration-ms="2122" started-at="2018-04-30T06:14:04Z" finished-at="2018-04-30T06:14:06Z">
          <params>
            <param index="0">
              <value>
                <![CDATA[Chrome]]>
              </value>
            </param>
          </params>
          <reporter-output>
          </reporter-output>
        </test-method> <!-- InitializeTest -->
        <test-method status="FAIL" signature="feature(cucumber.api.testng.CucumberFeatureWrapper)[pri:0, instance:com.cucumber.Test.TestRunnerA@6f46426d]" name="feature" duration-ms="6381" started-at="2018-04-30T06:14:06Z" description="Runs Cucumber Feature" data-provider="features" finished-at="2018-04-30T06:14:12Z">
          <params>
            <param index="0">
              <value>
                <![CDATA[Alchemy main page validations]]>
              </value>
            </param>
          </params>
          <exception class="cucumber.runtime.CucumberException">
            <message>
              <![CDATA[java.lang.AssertionError: This Step Failed]]>
            </message>
            <full-stacktrace>
              <![CDATA[cucumber.runtime.CucumberException: java.lang.AssertionError: This Step Failed
at cucumber.api.testng.TestNGCucumberRunner.runCucumber(TestNGCucumberRunner.java:69)
at cucumber.api.testng.AbstractTestNGCucumberTests.feature(AbstractTestNGCucumberTests.java:21)
at sun.reflect.NativeMethodAccessorImpl.invoke0(Native Method)
at sun.reflect.NativeMethodAccessorImpl.invoke(NativeMethodAccessorImpl.java:62)
at sun.reflect.DelegatingMethodAccessorImpl.invoke(DelegatingMethodAccessorImpl.java:43)
at java.lang.reflect.Method.invoke(Method.java:498)
at org.testng.internal.MethodInvocationHelper.invokeMethod(MethodInvocationHelper.java:124)
at org.testng.internal.Invoker.invokeMethod(Invoker.java:583)
at org.testng.internal.Invoker.invokeTestMethod(Invoker.java:719)
at org.testng.internal.Invoker.invokeTestMethods(Invoker.java:989)
at org.testng.internal.TestMethodWorker.invokeTestMethods(TestMethodWorker.java:125)
at org.testng.internal.TestMethodWorker.run(TestMethodWorker.java:109)
at org.testng.TestRunner.privateRun(TestRunner.java:648)
at org.testng.TestRunner.run(TestRunner.java:505)
at org.testng.SuiteRunner.runTest(SuiteRunner.java:455)
at org.testng.SuiteRunner.access$000(SuiteRunner.java:40)
at org.testng.SuiteRunner$SuiteWorker.run(SuiteRunner.java:489)
at org.testng.internal.thread.ThreadUtil$1.call(ThreadUtil.java:52)
at java.util.concurrent.FutureTask.run(FutureTask.java:266)
at java.util.concurrent.ThreadPoolExecutor.runWorker(ThreadPoolExecutor.java:1149)
at java.util.concurrent.ThreadPoolExecutor$Worker.run(ThreadPoolExecutor.java:624)
at java.lang.Thread.run(Thread.java:748)
Caused by: java.lang.AssertionError: This Step Failed
at org.testng.AssertJUnit.fail(AssertJUnit.java:59)
at org.testng.AssertJUnit.assertTrue(AssertJUnit.java:24)
at com.cucumber.TestSteps.AlchemyMainScreenValidationStepDefs.login_Successful(AlchemyMainScreenValidationStepDefs.java:40)
at ✽.Then Login Successful(src/test/resources/Features/AlchemyMainScreenValidation.feature:7)
]]>
            </full-stacktrace>
          </exception> <!-- cucumber.runtime.CucumberException -->
          <reporter-output>
          </reporter-output>
        </test-method> <!-- feature -->
        <test-method status="PASS" signature="afterMethod()[pri:0, instance:com.cucumber.Test.TestRunnerA@6f46426d]" name="afterMethod" is-config="true" duration-ms="95" started-at="2018-04-30T06:14:12Z" finished-at="2018-04-30T06:14:13Z">
          <reporter-output>
          </reporter-output>
        </test-method> <!-- afterMethod -->
        <test-method status="PASS" signature="tearDownClass()[pri:0, instance:com.cucumber.Test.TestRunnerA@6f46426d]" name="tearDownClass" is-config="true" duration-ms="592" started-at="2018-04-30T06:14:13Z" finished-at="2018-04-30T06:14:13Z">
          <reporter-output>
          </reporter-output>
        </test-method> <!-- tearDownClass -->
      </class> <!-- com.cucumber.Test.TestRunnerA -->
    </test> <!-- Test6 -->
    <test name="Test7" duration-ms="12766" started-at="2018-04-30T06:14:03Z" finished-at="2018-04-30T06:14:16Z">
      <class name="com.cucumber.Test.TestRunnerB">
        <test-method status="PASS" signature="setUpClass()[pri:0, instance:com.cucumber.Test.TestRunnerB@50ad3bc1]" name="setUpClass" is-config="true" duration-ms="216" started-at="2018-04-30T06:14:04Z" finished-at="2018-04-30T06:14:04Z">
          <reporter-output>
          </reporter-output>
        </test-method> <!-- setUpClass -->
        <test-method status="PASS" signature="InitializeTest(java.lang.String)[pri:0, instance:com.cucumber.Test.TestRunnerB@50ad3bc1]" name="InitializeTest" is-config="true" duration-ms="8027" started-at="2018-04-30T06:14:04Z" finished-at="2018-04-30T06:14:12Z">
          <params>
            <param index="0">
              <value>
                <![CDATA[Firefox]]>
              </value>
            </param>
          </params>
          <reporter-output>
          </reporter-output>
        </test-method> <!-- InitializeTest -->
        <test-method status="FAIL" signature="feature(cucumber.api.testng.CucumberFeatureWrapper)[pri:0, instance:com.cucumber.Test.TestRunnerB@50ad3bc1]" name="feature" duration-ms="3705" started-at="2018-04-30T06:14:12Z" description="Runs Cucumber Feature" data-provider="features" finished-at="2018-04-30T06:14:15Z">
          <params>
            <param index="0">
              <value>
                <![CDATA[Login to Gmail]]>
              </value>
            </param>
          </params>
          <exception class="cucumber.runtime.CucumberException">
            <message>
              <![CDATA[java.lang.AssertionError: This Step Failed]]>
            </message>
            <full-stacktrace>
              <![CDATA[cucumber.runtime.CucumberException: java.lang.AssertionError: This Step Failed
at cucumber.api.testng.TestNGCucumberRunner.runCucumber(TestNGCucumberRunner.java:69)
at cucumber.api.testng.AbstractTestNGCucumberTests.feature(AbstractTestNGCucumberTests.java:21)
at sun.reflect.NativeMethodAccessorImpl.invoke0(Native Method)
at sun.reflect.NativeMethodAccessorImpl.invoke(NativeMethodAccessorImpl.java:62)
at sun.reflect.DelegatingMethodAccessorImpl.invoke(DelegatingMethodAccessorImpl.java:43)
at java.lang.reflect.Method.invoke(Method.java:498)
at org.testng.internal.MethodInvocationHelper.invokeMethod(MethodInvocationHelper.java:124)
at org.testng.internal.Invoker.invokeMethod(Invoker.java:583)
at org.testng.internal.Invoker.invokeTestMethod(Invoker.java:719)
at org.testng.internal.Invoker.invokeTestMethods(Invoker.java:989)
at org.testng.internal.TestMethodWorker.invokeTestMethods(TestMethodWorker.java:125)
at org.testng.internal.TestMethodWorker.run(TestMethodWorker.java:109)
at org.testng.TestRunner.privateRun(TestRunner.java:648)
at org.testng.TestRunner.run(TestRunner.java:505)
at org.testng.SuiteRunner.runTest(SuiteRunner.java:455)
at org.testng.SuiteRunner.access$000(SuiteRunner.java:40)
at org.testng.SuiteRunner$SuiteWorker.run(SuiteRunner.java:489)
at org.testng.internal.thread.ThreadUtil$1.call(ThreadUtil.java:52)
at java.util.concurrent.FutureTask.run(FutureTask.java:266)
at java.util.concurrent.ThreadPoolExecutor.runWorker(ThreadPoolExecutor.java:1149)
at java.util.concurrent.ThreadPoolExecutor$Worker.run(ThreadPoolExecutor.java:624)
at java.lang.Thread.run(Thread.java:748)
Caused by: java.lang.AssertionError: This Step Failed
at org.testng.AssertJUnit.fail(AssertJUnit.java:59)
at org.testng.AssertJUnit.assertTrue(AssertJUnit.java:24)
at com.cucumber.TestSteps.AlchemyMainScreenValidationStepDefs.login_Successful(AlchemyMainScreenValidationStepDefs.java:40)
at ✽.Then Login Successful(src/test/resources/Features/cucumbertest2.feature:7)
]]>
            </full-stacktrace>
          </exception> <!-- cucumber.runtime.CucumberException -->
          <reporter-output>
          </reporter-output>
        </test-method> <!-- feature -->
        <test-method status="PASS" signature="afterMethod()[pri:0, instance:com.cucumber.Test.TestRunnerB@50ad3bc1]" name="afterMethod" is-config="true" duration-ms="705" started-at="2018-04-30T06:14:15Z" finished-at="2018-04-30T06:14:16Z">
          <reporter-output>
          </reporter-output>
        </test-method> <!-- afterMethod -->
        <test-method status="PASS" signature="tearDownClass()[pri:0, instance:com.cucumber.Test.TestRunnerB@50ad3bc1]" name="tearDownClass" is-config="true" duration-ms="104" started-at="2018-04-30T06:14:16Z" finished-at="2018-04-30T06:14:16Z">
          <reporter-output>
          </reporter-output>
        </test-method> <!-- tearDownClass -->
      </class> <!-- com.cucumber.Test.TestRunnerB -->
    </test> <!-- Test7 -->
  </suite> <!-- AutomationSuite -->
</testng-results>
